<?xml version="1.0" encoding="UTF-8"?>
<persistence version="2.0" xmlns="http://java.sun.com/xml/ns/persistence"
             xmlns:xsi="http://www.w3.org/2001/XMLSchema-instance"
             xsi:schemaLocation="
        http://java.sun.com/xml/ns/persistence
        http://java.sun.com/xml/ns/persistence/persistence_2_0.xsd">
    <persistence-unit name="inoutPU" transaction-type="JTA">
        <provider>org.eclipse.persistence.jpa.PersistenceProvider</provider>
        <jta-data-source>jdbc/arquillian</jta-data-source>
        <exclude-unlisted-classes>false</exclude-unlisted-classes>
        <shared-cache-mode>ALL</shared-cache-mode>
        <properties>
            <property name="javax.persistence.jdbc.driver" value="org.apache.derby.jdbc.EmbeddedDriver" />
            <property name="javax.persistence.jdbc.url" value="jdbc:derby:target/databases/derby;create=true" />
            <property name="eclipselink.ddl-generation" value="drop-and-create-tables" />
            <property name="eclipselink.target-database" value="Derby"/>
            <property name="eclipselink.debug" value="OFF"/>
            <property name="eclipselink.weaving" value="static"/>
            <property name="eclipselink.logging.level.sql" value="FINE"/>
            <property name="eclipselink.logging.parameters" value="true"/>
            <property name="eclipselink.logging.logger" value="DefaultLogger"/>
        </properties>
    </persistence-unit>
</persistence>